[29-Mar-2025 17:11:13 Europe/Berlin] PHP Deprecated:  Return type of Google\Model::offsetExists($offset) should either be compatible with ArrayAccess::offsetExists(mixed $offset): bool, or the #[\ReturnTypeWillChange] attribute should be used to temporarily suppress the notice in E:\xampp\htdocs\cognitive.campus\vendor\google\apiclient\src\Model.php on line 256
[29-Mar-2025 17:11:13 Europe/Berlin] PHP Deprecated:  Return type of Google\Model::offsetGet($offset) should either be compatible with ArrayAccess::offsetGet(mixed $offset): mixed, or the #[\ReturnTypeWillChange] attribute should be used to temporarily suppress the notice in E:\xampp\htdocs\cognitive.campus\vendor\google\apiclient\src\Model.php on line 261
[29-Mar-2025 17:11:13 Europe/Berlin] PHP Deprecated:  Return type of Google\Model::offsetSet($offset, $value) should either be compatible with ArrayAccess::offsetSet(mixed $offset, mixed $value): void, or the #[\ReturnTypeWillChange] attribute should be used to temporarily suppress the notice in E:\xampp\htdocs\cognitive.campus\vendor\google\apiclient\src\Model.php on line 268
[29-Mar-2025 17:11:13 Europe/Berlin] PHP Deprecated:  Return type of Google\Model::offsetUnset($offset) should either be compatible with ArrayAccess::offsetUnset(mixed $offset): void, or the #[\ReturnTypeWillChange] attribute should be used to temporarily suppress the notice in E:\xampp\htdocs\cognitive.campus\vendor\google\apiclient\src\Model.php on line 278
[29-Mar-2025 17:11:13 Europe/Berlin] PHP Deprecated:  Return type of Google\Collection::current() should either be compatible with Iterator::current(): mixed, or the #[\ReturnTypeWillChange] attribute should be used to temporarily suppress the notice in E:\xampp\htdocs\cognitive.campus\vendor\google\apiclient\src\Collection.php on line 22
[29-Mar-2025 17:11:13 Europe/Berlin] PHP Deprecated:  Return type of Google\Collection::next() should either be compatible with Iterator::next(): void, or the #[\ReturnTypeWillChange] attribute should be used to temporarily suppress the notice in E:\xampp\htdocs\cognitive.campus\vendor\google\apiclient\src\Collection.php on line 38
[29-Mar-2025 17:11:13 Europe/Berlin] PHP Deprecated:  Return type of Google\Collection::key() should either be compatible with Iterator::key(): mixed, or the #[\ReturnTypeWillChange] attribute should be used to temporarily suppress the notice in E:\xampp\htdocs\cognitive.campus\vendor\google\apiclient\src\Collection.php on line 30
[29-Mar-2025 17:11:13 Europe/Berlin] PHP Deprecated:  Return type of Google\Collection::valid() should either be compatible with Iterator::valid(): bool, or the #[\ReturnTypeWillChange] attribute should be used to temporarily suppress the notice in E:\xampp\htdocs\cognitive.campus\vendor\google\apiclient\src\Collection.php on line 43
[29-Mar-2025 17:11:13 Europe/Berlin] PHP Deprecated:  Return type of Google\Collection::rewind() should either be compatible with Iterator::rewind(): void, or the #[\ReturnTypeWillChange] attribute should be used to temporarily suppress the notice in E:\xampp\htdocs\cognitive.campus\vendor\google\apiclient\src\Collection.php on line 14
[29-Mar-2025 17:11:13 Europe/Berlin] PHP Deprecated:  Return type of Google\Collection::count() should either be compatible with Countable::count(): int, or the #[\ReturnTypeWillChange] attribute should be used to temporarily suppress the notice in E:\xampp\htdocs\cognitive.campus\vendor\google\apiclient\src\Collection.php on line 49
[29-Mar-2025 17:11:13 Europe/Berlin] PHP Notice:  session_start(): Ignoring session_start() because a session is already active in E:\xampp\htdocs\cognitive.campus\includes\db-connect.php on line 3
[29-Mar-2025 21:11:13 Asia/Karachi] PHP Deprecated:  Creation of dynamic property Google\Service\Classroom::$serviceName is deprecated in E:\xampp\htdocs\cognitive.campus\vendor\google\apiclient-services\src\Classroom.php on line 142
[29-Mar-2025 21:11:13 Asia/Karachi] PHP Deprecated:  Creation of dynamic property Google\Service\Oauth2::$serviceName is deprecated in E:\xampp\htdocs\cognitive.campus\vendor\google\apiclient-services\src\Oauth2.php on line 67
[29-Mar-2025 21:11:14 Asia/Karachi] PHP Deprecated:  Creation of dynamic property Google\Service\Classroom::$serviceName is deprecated in E:\xampp\htdocs\cognitive.campus\vendor\google\apiclient-services\src\Classroom.php on line 142
[29-Mar-2025 21:11:14 Asia/Karachi] PHP Deprecated:  Creation of dynamic property Google\Service\Oauth2::$serviceName is deprecated in E:\xampp\htdocs\cognitive.campus\vendor\google\apiclient-services\src\Oauth2.php on line 67
[29-Mar-2025 21:11:16 Asia/Karachi] User info retrieved - Email: umersaeed999@gmail.com
[29-Mar-2025 21:11:18 Asia/Karachi] PHP Deprecated:  Creation of dynamic property Google\Service\Classroom\ListCourseWorkResponse::$courseWork is deprecated in E:\xampp\htdocs\cognitive.campus\vendor\google\apiclient\src\Model.php on line 109
[29-Mar-2025 21:11:18 Asia/Karachi] PHP Deprecated:  Creation of dynamic property Google\Service\Classroom\CourseWork::$dueDate is deprecated in E:\xampp\htdocs\cognitive.campus\vendor\google\apiclient\src\Model.php on line 120
[29-Mar-2025 21:11:18 Asia/Karachi] PHP Deprecated:  Creation of dynamic property Google\Service\Classroom\CourseWork::$dueTime is deprecated in E:\xampp\htdocs\cognitive.campus\vendor\google\apiclient\src\Model.php on line 120
[29-Mar-2025 21:11:18 Asia/Karachi] PHP Deprecated:  Creation of dynamic property Google\Service\Classroom\CourseWork::$materials is deprecated in E:\xampp\htdocs\cognitive.campus\vendor\google\apiclient\src\Model.php on line 109
[29-Mar-2025 21:11:18 Asia/Karachi] PHP Deprecated:  Creation of dynamic property Google\Service\Classroom\Material::$form is deprecated in E:\xampp\htdocs\cognitive.campus\vendor\google\apiclient\src\Model.php on line 120
[29-Mar-2025 21:11:18 Asia/Karachi] PHP Deprecated:  Creation of dynamic property Google\Service\Classroom\CourseWork::$dueDate is deprecated in E:\xampp\htdocs\cognitive.campus\vendor\google\apiclient\src\Model.php on line 120
[29-Mar-2025 21:11:18 Asia/Karachi] PHP Deprecated:  Creation of dynamic property Google\Service\Classroom\CourseWork::$dueTime is deprecated in E:\xampp\htdocs\cognitive.campus\vendor\google\apiclient\src\Model.php on line 120
[29-Mar-2025 21:11:18 Asia/Karachi] PHP Deprecated:  Creation of dynamic property Google\Service\Classroom\CourseWork::$materials is deprecated in E:\xampp\htdocs\cognitive.campus\vendor\google\apiclient\src\Model.php on line 109
[29-Mar-2025 21:11:18 Asia/Karachi] PHP Deprecated:  Creation of dynamic property Google\Service\Classroom\Material::$youtubeVideo is deprecated in E:\xampp\htdocs\cognitive.campus\vendor\google\apiclient\src\Model.php on line 120
[29-Mar-2025 21:11:18 Asia/Karachi] PHP Deprecated:  Creation of dynamic property Google\Service\Classroom\CourseWork::$dueDate is deprecated in E:\xampp\htdocs\cognitive.campus\vendor\google\apiclient\src\Model.php on line 120
[29-Mar-2025 21:11:18 Asia/Karachi] PHP Deprecated:  Creation of dynamic property Google\Service\Classroom\CourseWork::$dueTime is deprecated in E:\xampp\htdocs\cognitive.campus\vendor\google\apiclient\src\Model.php on line 120
[29-Mar-2025 21:11:18 Asia/Karachi] PHP Deprecated:  Creation of dynamic property Google\Service\Classroom\CourseWork::$materials is deprecated in E:\xampp\htdocs\cognitive.campus\vendor\google\apiclient\src\Model.php on line 109
[29-Mar-2025 21:11:18 Asia/Karachi] PHP Deprecated:  Creation of dynamic property Google\Service\Classroom\SharedDriveFile::$driveFile is deprecated in E:\xampp\htdocs\cognitive.campus\vendor\google\apiclient\src\Model.php on line 120
[29-Mar-2025 21:11:18 Asia/Karachi] PHP Deprecated:  Creation of dynamic property Google\Service\Classroom\Material::$driveFile is deprecated in E:\xampp\htdocs\cognitive.campus\vendor\google\apiclient\src\Model.php on line 120
[29-Mar-2025 21:11:18 Asia/Karachi] PHP Deprecated:  Creation of dynamic property Google\Service\Classroom\CourseWork::$dueDate is deprecated in E:\xampp\htdocs\cognitive.campus\vendor\google\apiclient\src\Model.php on line 120
[29-Mar-2025 21:11:18 Asia/Karachi] PHP Deprecated:  Creation of dynamic property Google\Service\Classroom\CourseWork::$dueTime is deprecated in E:\xampp\htdocs\cognitive.campus\vendor\google\apiclient\src\Model.php on line 120
[29-Mar-2025 21:11:19 Asia/Karachi] PHP Deprecated:  Creation of dynamic property Google\Service\Classroom\ListStudentSubmissionsResponse::$studentSubmissions is deprecated in E:\xampp\htdocs\cognitive.campus\vendor\google\apiclient\src\Model.php on line 109
[29-Mar-2025 21:11:19 Asia/Karachi] PHP Deprecated:  Creation of dynamic property Google\Service\Classroom\StudentSubmission::$assignmentSubmission is deprecated in E:\xampp\htdocs\cognitive.campus\vendor\google\apiclient\src\Model.php on line 120
[29-Mar-2025 21:11:19 Asia/Karachi] Saving grade for email: umersaeed999@gmail.com, course: 701184263629, assignment: 716038247480
[29-Mar-2025 21:11:19 Asia/Karachi] PHP Fatal error:  Uncaught ArgumentCountError: The number of elements in the type definition string must match the number of bind variables in E:\xampp\htdocs\cognitive.campus\fetch_grades.php:229
Stack trace:
#0 E:\xampp\htdocs\cognitive.campus\fetch_grades.php(229): mysqli_stmt->bind_param('ssssssdsss', 'umersaeed999@gm...', '701184263629', 'Testing GCR Cla...', '716038247480', 'This is a quiz', 'quiz', 60, 100, 'RETURNED', NULL, NULL)
#1 E:\xampp\htdocs\cognitive.campus\fetch_grades.php(68): fetchAllGrades(Array, Object(Google\Service\Classroom), Object(mysqli))
#2 {main}
  thrown in E:\xampp\htdocs\cognitive.campus\fetch_grades.php on line 229
